[2025-07-10 12:08:20] [LOGIN] Usuário Fernando (ID: 01) logado na sede como Admin
[2025-07-10 12:09:03] [LOGIN] Usuário Fernando (ID: 01) logado na sede como Admin
[2025-07-10 12:12:34] [LOGIN] Usuário Fernando (ID: 01) logado na sede como Admin
[2025-07-10 12:12:45] [LOGIN] Usuário Fernando (ID: 01) logado na sede como Admin
[2025-07-10 12:15:27] [LOGIN] Usuário Fernando (ID: 01) logado na sede como Admin
[2025-07-10 12:18:38] [LOGIN] Usuário Fernando (ID: 01) logado na sede como Admin
[2025-07-10 12:19:57] [LOGIN] Usuário Fernando (ID: 01) logado na sede como Admin
[2025-07-10 12:20:19] [fernando-sebastiao] Usuário Cadastradoc com sucesso
[2025-07-10 12:25:49] [LOGIN] Usuário Fernando (ID: 01) logado na sede como Admin
[2025-07-10 12:36:44] [LOGIN] Usuário Fernando (ID: 01) logado na sede como Admin
[2025-07-10 12:37:08] [LOGIN] Usuário Fernando (ID: 01) logado na sede como Admin
[2025-07-10 12:37:22] [] Removido com sucesso
[2025-07-10 12:37:29] [] Removido com sucesso
[2025-07-10 12:37:36] [] Removido com sucesso
[2025-07-10 12:37:42] [] Removido com sucesso
[2025-07-10 12:37:49] [] Removido com sucesso
[2025-07-10 12:37:58] [] Removido com sucesso
[2025-07-10 12:57:37] [LOGIN] Usuário Fernando (ID: 01) logado na sede como Admin
[2025-07-10 12:59:47] [LOGIN] Usuário Mateus Nongo (ID: 04) logado na filial Benguela como Vendas
[2025-07-10 13:00:00] [LOGIN] Usuário Mateus Nongo (ID: 04) logado na filial Benguela como Vendas
[2025-07-10 13:00:26] [Mateus Nongo] Cadastrou venda com sucesso
[2025-07-10 13:09:06] [LOGIN] Usuário Fernando (ID: 01) logado na sede como Admin
[2025-07-10 13:09:36] [LOGIN] Usuário Fernando (ID: 01) logado na sede como Admin
[2025-07-10 13:11:03] [LOGIN] Usuário Mateus Nongo (ID: 04) logado na filial Benguela como Vendas
[2025-07-10 13:11:23] [LOGIN] Usuário Lourenço Suco (ID: 07) logado na filial Benguela como Admin
[2025-07-10 13:11:55] [Lourenço Suco] Cadastrou carro com sucesso
[2025-07-10 13:16:29] [LOGIN] Usuário Fernando (ID: 01) logado na sede como Admin
[2025-07-10 13:48:25] [LOGIN] Usuário Fernando (ID: 01) logado na sede como Admin
[2025-07-10 13:48:58] [Admin] Cadastrou com sucesso
[2025-07-10 13:50:00] [] Editado com sucesso
[2025-07-10 13:50:12] [Funcionario com 09] Removido com sucesso
[2025-07-10 13:50:35] [Funcionario com 04] Removido com sucesso
[2025-07-10 13:51:56] [Fernando] Cadastrou venda com sucesso
[2025-07-10 18:45:51] [LOGIN_FALHADO] Tentativa de login inválida com ID: 03
[2025-07-10 18:45:57] [LOGIN] Usuário Lourenço Suco (ID: 07) logado na filial Benguela como Admin
[2025-07-10 18:46:20] [O Lourenço Suco] Cadastrou carro com sucesso
